c:\users\24441\desktop\足球俱乐部管理系统\足球俱乐部管理系统\x64\debug\vc143.pdb
c:\users\24441\desktop\足球俱乐部管理系统\足球俱乐部管理系统\x64\debug\vc143.idb
c:\users\24441\desktop\足球俱乐部管理系统\足球俱乐部管理系统\x64\debug\足球俱乐部管理系统.obj
c:\users\24441\desktop\足球俱乐部管理系统\足球俱乐部管理系统\x64\debug\striker f.obj
c:\users\24441\desktop\足球俱乐部管理系统\足球俱乐部管理系统\x64\debug\midfield m.obj
c:\users\24441\desktop\足球俱乐部管理系统\足球俱乐部管理系统\x64\debug\goalkeeper gk.obj
c:\users\24441\desktop\足球俱乐部管理系统\足球俱乐部管理系统\x64\debug\defender d.obj
c:\users\24441\desktop\足球俱乐部管理系统\足球俱乐部管理系统\x64\debug\coach.obj
c:\users\24441\desktop\足球俱乐部管理系统\足球俱乐部管理系统\x64\debug\club.obj
c:\users\24441\desktop\足球俱乐部管理系统\足球俱乐部管理系统\x64\debug\staffmanagement.obj
c:\users\24441\desktop\足球俱乐部管理系统\足球俱乐部管理系统\x64\debug\clubmanagement.obj
c:\users\24441\desktop\足球俱乐部管理系统\足球俱乐部管理系统\x64\debug\messagemanagement.obj
c:\users\24441\desktop\足球俱乐部管理系统\x64\debug\足球俱乐部管理系统.exe
c:\users\24441\desktop\足球俱乐部管理系统\x64\debug\足球俱乐部管理系统.pdb
c:\users\24441\desktop\足球俱乐部管理系统\足球俱乐部管理系统\x64\debug\足球俱乐部管理系统.ilk
c:\users\24441\desktop\足球俱乐部管理系统\足球俱乐部管理系统\x64\debug\clubmanager.obj
c:\users\24441\desktop\足球俱乐部管理系统\足球俱乐部管理系统\x64\debug\staffmanager.obj
c:\users\24441\desktop\足球俱乐部管理系统\足球俱乐部管理系统\x64\debug\club.nativecodeanalysis.xml
c:\users\24441\desktop\足球俱乐部管理系统\足球俱乐部管理系统\x64\debug\clubmanager.nativecodeanalysis.xml
c:\users\24441\desktop\足球俱乐部管理系统\足球俱乐部管理系统\x64\debug\coach.nativecodeanalysis.xml
c:\users\24441\desktop\足球俱乐部管理系统\足球俱乐部管理系统\x64\debug\defender d.nativecodeanalysis.xml
c:\users\24441\desktop\足球俱乐部管理系统\足球俱乐部管理系统\x64\debug\goalkeeper gk.nativecodeanalysis.xml
c:\users\24441\desktop\足球俱乐部管理系统\足球俱乐部管理系统\x64\debug\midfield m.nativecodeanalysis.xml
c:\users\24441\desktop\足球俱乐部管理系统\足球俱乐部管理系统\x64\debug\staffmanager.nativecodeanalysis.xml
c:\users\24441\desktop\足球俱乐部管理系统\足球俱乐部管理系统\x64\debug\striker f.nativecodeanalysis.xml
c:\users\24441\desktop\足球俱乐部管理系统\足球俱乐部管理系统\x64\debug\vc.nativecodeanalysis.all.xml
c:\users\24441\desktop\足球俱乐部管理系统\足球俱乐部管理系统\x64\debug\足球俱乐部管理系统.nativecodeanalysis.xml
c:\users\24441\desktop\足球俱乐部管理系统\足球俱乐部管理系统\x64\debug\足球俱乐部管理系统.tlog\cl.command.1.tlog
c:\users\24441\desktop\足球俱乐部管理系统\足球俱乐部管理系统\x64\debug\足球俱乐部管理系统.tlog\cl.items.tlog
c:\users\24441\desktop\足球俱乐部管理系统\足球俱乐部管理系统\x64\debug\足球俱乐部管理系统.tlog\cl.read.1.tlog
c:\users\24441\desktop\足球俱乐部管理系统\足球俱乐部管理系统\x64\debug\足球俱乐部管理系统.tlog\cl.write.1.tlog
c:\users\24441\desktop\足球俱乐部管理系统\足球俱乐部管理系统\x64\debug\足球俱乐部管理系统.tlog\link.command.1.tlog
c:\users\24441\desktop\足球俱乐部管理系统\足球俱乐部管理系统\x64\debug\足球俱乐部管理系统.tlog\link.read.1.tlog
c:\users\24441\desktop\足球俱乐部管理系统\足球俱乐部管理系统\x64\debug\足球俱乐部管理系统.tlog\link.secondary.1.tlog
c:\users\24441\desktop\足球俱乐部管理系统\足球俱乐部管理系统\x64\debug\足球俱乐部管理系统.tlog\link.write.1.tlog
